<?xml version="1.0" encoding="UTF-8"?>
<testsuites name="TL_Cura_AppoinmentConfirmation_TestSuite_001" time="18.534" tests="0" failures="0" errors="0">
   <testsuite name="TL_Cura_AppoinmentConfirmation_TestSuite_001" tests="0" failures="0" errors="0" time="18.534" skipped="0" timestamp="08-02-2024T19:14:22" hostname="WINDOWS 11 - LENOVO" id="Test Suites/TestListener_Cura_AppoinmentConfirmation/TL_Cura_AppoinmentConfirmation_TestSuite_001">
      <properties>
         <property name="deviceName" value=""/>
         <property name="devicePlatform" value=""/>
         <property name="logFolder" value="C:\\Users\\WINDOWS 11\\git\\SI-GuidedProject-708352-1705389483\\SI-GuidedProject-708352-1705389483\\Reports\\20240208_191141\\TestListener_Cura_AppoinmentConfirmation\\TL_Cura_AppoinmentConfirmation_TestSuite_001\\20240208_191353"/>
         <property name="logFiles" value="C:\\Users\\WINDOWS 11\\git\\SI-GuidedProject-708352-1705389483\\SI-GuidedProject-708352-1705389483\\Reports\\20240208_191141\\TestListener_Cura_AppoinmentConfirmation\\TL_Cura_AppoinmentConfirmation_TestSuite_001\\20240208_191353\\execution0.log"/>
         <property name="attachments" value=""/>
         <property name="hostName" value="WINDOWS 11 - LENOVO"/>
         <property name="hostAddress" value="192.168.51.70"/>
         <property name="os" value="Windows 11 64bit"/>
         <property name="katalonVersion" value="9.3.0.212"/>
      </properties>
      <system-out><![CDATA[08-02-2024T19:14:22 - [TEST_SUITE][PASSED] - TL_Cura_AppoinmentConfirmation_TestSuite_001: null]]></system-out>
      <system-err><![CDATA[]]></system-err>
   </testsuite>
</testsuites>
