<?xml version="1.0" encoding="UTF-8"?>
<testsuites name="DDT_Cura_Login_Validation_TestSuite" time="57.182" tests="4" failures="0" errors="0">
   <testsuite name="DDT_Cura_Login_Validation_TestSuite" tests="4" failures="0" errors="0" time="57.182" skipped="0" timestamp="05-02-2024T18:58:03" hostname="WINDOWS 11 - LENOVO" id="Test Suites/DDT_Cura_Login_TestSuite/DDT_Cura_Login_Validation_TestSuite">
      <properties>
         <property name="deviceName" value=""/>
         <property name="devicePlatform" value=""/>
         <property name="logFolder" value="C:\\Users\\WINDOWS 11\\git\\SI-GuidedProject-708352-1705389483\\SI-GuidedProject-708352-1705389483\\Reports\\20240205_185752\\DDT_Cura_Login_TestSuite\\DDT_Cura_Login_Validation_TestSuite\\20240205_185752"/>
         <property name="logFiles" value="C:\\Users\\WINDOWS 11\\git\\SI-GuidedProject-708352-1705389483\\SI-GuidedProject-708352-1705389483\\Reports\\20240205_185752\\DDT_Cura_Login_TestSuite\\DDT_Cura_Login_Validation_TestSuite\\20240205_185752\\execution0.log"/>
         <property name="attachments" value=""/>
         <property name="hostName" value="WINDOWS 11 - LENOVO"/>
         <property name="os" value="Windows 11 64bit"/>
         <property name="katalonVersion" value="9.2.0.212"/>
         <property name="browser" value="Chrome 120.0.0.0"/>
         <property name="hostAddress" value="192.168.192.70"/>
         <property name="sessionId" value="c46cf72a65b50e9acc46943621593ce6"/>
         <property name="seleniumVersion" value="3.141.59"/>
         <property name="proxyInformation" value="ProxyInformation { proxyOption=NO_PROXY, proxyServerType=HTTP, username=, password=********, proxyServerAddress=, proxyServerPort=0, executionList=&quot;&quot;, isApplyToDesiredCapabilities=true }"/>
         <property name="platform" value="Windows 11"/>
      </properties>
      <testcase name="Test Cases/TC_CURA_Login_Validation_001" time="19.85" classname="Test Cases/TC_CURA_Login_Validation_001" status="PASSED">
         <system-out><![CDATA[05-02-2024T18:58:04 - [TEST_CASE][PASSED] - Test Cases/TC_CURA_Login_Validation_001: Test Cases/TC_CURA_Login_Validation_001

05-02-2024T18:58:06 - [TEST_STEP][PASSED] - openBrowser(""): Browser is opened with url: ''

05-02-2024T18:58:07 - [MESSAGE][INFO] - Starting 'Chrome' driver

05-02-2024T18:58:07 - [MESSAGE][INFO] - Action delay is set to 0 milliseconds

05-02-2024T18:58:12 - [MESSAGE][PASSED] - Browser is opened with url: ''

05-02-2024T18:58:12 - [TEST_STEP][PASSED] - navigateToUrl("https://katalon-demo-cura.herokuapp.com/"): Navigate to 'https://katalon-demo-cura.herokuapp.com/' successfully

05-02-2024T18:58:16 - [MESSAGE][PASSED] - Navigate to 'https://katalon-demo-cura.herokuapp.com/' successfully

05-02-2024T18:58:16 - [TEST_STEP][PASSED] - click(findTestObject("LoginPage_CURA Healthcare Service/i_CURA Healthcare_fa fa-bars")): Object: 'Object Repository/LoginPage_CURA Healthcare Service/i_CURA Healthcare_fa fa-bars' is clicked on

05-02-2024T18:58:17 - [MESSAGE][PASSED] - Object: 'Object Repository/LoginPage_CURA Healthcare Service/i_CURA Healthcare_fa fa-bars' is clicked on

05-02-2024T18:58:17 - [TEST_STEP][PASSED] - click(findTestObject("LoginPage_CURA Healthcare Service/a_Login")): Object: 'Object Repository/LoginPage_CURA Healthcare Service/a_Login' is clicked on

05-02-2024T18:58:18 - [MESSAGE][PASSED] - Object: 'Object Repository/LoginPage_CURA Healthcare Service/a_Login' is clicked on

05-02-2024T18:58:18 - [TEST_STEP][PASSED] - setText(findTestObject("LoginPage_CURA Healthcare Service/input_username"), findTestData("Cura_Test_data/Cura_H_Login_Test_Data").getValue("username", 1)): Text 'John Doe' is set on object 'Object Repository/LoginPage_CURA Healthcare Service/input_username'

05-02-2024T18:58:21 - [MESSAGE][PASSED] - Text 'John Doe' is set on object 'Object Repository/LoginPage_CURA Healthcare Service/input_username'

05-02-2024T18:58:21 - [TEST_STEP][PASSED] - setText(findTestObject("LoginPage_CURA Healthcare Service/input_password"), findTestData("Cura_Test_data/Cura_H_Login_Test_Data").getValue("password", 1)): Text 'ThisIsNotAPassword' is set on object 'Object Repository/LoginPage_CURA Healthcare Service/input_password'

05-02-2024T18:58:22 - [MESSAGE][PASSED] - Text 'ThisIsNotAPassword' is set on object 'Object Repository/LoginPage_CURA Healthcare Service/input_password'

05-02-2024T18:58:22 - [TEST_STEP][PASSED] - click(findTestObject("LoginPage_CURA Healthcare Service/button_Login")): Object: 'Object Repository/LoginPage_CURA Healthcare Service/button_Login' is clicked on

05-02-2024T18:58:24 - [MESSAGE][PASSED] - Object: 'Object Repository/LoginPage_CURA Healthcare Service/button_Login' is clicked on

05-02-2024T18:58:24 - [TEST_STEP][PASSED] - closeBrowser(): Browser is closed

05-02-2024T18:58:24 - [MESSAGE][PASSED] - Browser is closed]]></system-out>
         <system-err><![CDATA[]]></system-err>
      </testcase>
      <testcase name="Test Cases/TC_CURA_Login_Validation_001" time="12.446" classname="Test Cases/TC_CURA_Login_Validation_001" status="PASSED">
         <system-out><![CDATA[05-02-2024T18:58:24 - [TEST_CASE][PASSED] - Test Cases/TC_CURA_Login_Validation_001: Test Cases/TC_CURA_Login_Validation_001

05-02-2024T18:58:25 - [TEST_STEP][PASSED] - openBrowser(""): Browser is opened with url: ''

05-02-2024T18:58:25 - [MESSAGE][INFO] - Starting 'Chrome' driver

05-02-2024T18:58:25 - [MESSAGE][INFO] - Action delay is set to 0 milliseconds

05-02-2024T18:58:27 - [MESSAGE][PASSED] - Browser is opened with url: ''

05-02-2024T18:58:27 - [TEST_STEP][PASSED] - navigateToUrl("https://katalon-demo-cura.herokuapp.com/"): Navigate to 'https://katalon-demo-cura.herokuapp.com/' successfully

05-02-2024T18:58:30 - [MESSAGE][PASSED] - Navigate to 'https://katalon-demo-cura.herokuapp.com/' successfully

05-02-2024T18:58:30 - [TEST_STEP][PASSED] - click(findTestObject("LoginPage_CURA Healthcare Service/i_CURA Healthcare_fa fa-bars")): Object: 'Object Repository/LoginPage_CURA Healthcare Service/i_CURA Healthcare_fa fa-bars' is clicked on

05-02-2024T18:58:31 - [MESSAGE][PASSED] - Object: 'Object Repository/LoginPage_CURA Healthcare Service/i_CURA Healthcare_fa fa-bars' is clicked on

05-02-2024T18:58:31 - [TEST_STEP][PASSED] - click(findTestObject("LoginPage_CURA Healthcare Service/a_Login")): Object: 'Object Repository/LoginPage_CURA Healthcare Service/a_Login' is clicked on

05-02-2024T18:58:32 - [MESSAGE][PASSED] - Object: 'Object Repository/LoginPage_CURA Healthcare Service/a_Login' is clicked on

05-02-2024T18:58:32 - [TEST_STEP][PASSED] - setText(findTestObject("LoginPage_CURA Healthcare Service/input_username"), findTestData("Cura_Test_data/Cura_H_Login_Test_Data").getValue("username", 1)): Text 'John Doe' is set on object 'Object Repository/LoginPage_CURA Healthcare Service/input_username'

05-02-2024T18:58:34 - [MESSAGE][PASSED] - Text 'John Doe' is set on object 'Object Repository/LoginPage_CURA Healthcare Service/input_username'

05-02-2024T18:58:34 - [TEST_STEP][PASSED] - setText(findTestObject("LoginPage_CURA Healthcare Service/input_password"), findTestData("Cura_Test_data/Cura_H_Login_Test_Data").getValue("password", 1)): Text 'ThisIsNotAPassword' is set on object 'Object Repository/LoginPage_CURA Healthcare Service/input_password'

05-02-2024T18:58:35 - [MESSAGE][PASSED] - Text 'ThisIsNotAPassword' is set on object 'Object Repository/LoginPage_CURA Healthcare Service/input_password'

05-02-2024T18:58:35 - [TEST_STEP][PASSED] - click(findTestObject("LoginPage_CURA Healthcare Service/button_Login")): Object: 'Object Repository/LoginPage_CURA Healthcare Service/button_Login' is clicked on

05-02-2024T18:58:36 - [MESSAGE][PASSED] - Object: 'Object Repository/LoginPage_CURA Healthcare Service/button_Login' is clicked on

05-02-2024T18:58:36 - [TEST_STEP][PASSED] - closeBrowser(): Browser is closed

05-02-2024T18:58:37 - [MESSAGE][PASSED] - Browser is closed]]></system-out>
         <system-err><![CDATA[]]></system-err>
      </testcase>
      <testcase name="Test Cases/TC_CURA_Login_Validation_001" time="12.271" classname="Test Cases/TC_CURA_Login_Validation_001" status="PASSED">
         <system-out><![CDATA[05-02-2024T18:58:37 - [TEST_CASE][PASSED] - Test Cases/TC_CURA_Login_Validation_001: Test Cases/TC_CURA_Login_Validation_001

05-02-2024T18:58:37 - [TEST_STEP][PASSED] - openBrowser(""): Browser is opened with url: ''

05-02-2024T18:58:37 - [MESSAGE][INFO] - Starting 'Chrome' driver

05-02-2024T18:58:37 - [MESSAGE][INFO] - Action delay is set to 0 milliseconds

05-02-2024T18:58:39 - [MESSAGE][PASSED] - Browser is opened with url: ''

05-02-2024T18:58:39 - [TEST_STEP][PASSED] - navigateToUrl("https://katalon-demo-cura.herokuapp.com/"): Navigate to 'https://katalon-demo-cura.herokuapp.com/' successfully

05-02-2024T18:58:43 - [MESSAGE][PASSED] - Navigate to 'https://katalon-demo-cura.herokuapp.com/' successfully

05-02-2024T18:58:43 - [TEST_STEP][PASSED] - click(findTestObject("LoginPage_CURA Healthcare Service/i_CURA Healthcare_fa fa-bars")): Object: 'Object Repository/LoginPage_CURA Healthcare Service/i_CURA Healthcare_fa fa-bars' is clicked on

05-02-2024T18:58:44 - [MESSAGE][PASSED] - Object: 'Object Repository/LoginPage_CURA Healthcare Service/i_CURA Healthcare_fa fa-bars' is clicked on

05-02-2024T18:58:44 - [TEST_STEP][PASSED] - click(findTestObject("LoginPage_CURA Healthcare Service/a_Login")): Object: 'Object Repository/LoginPage_CURA Healthcare Service/a_Login' is clicked on

05-02-2024T18:58:45 - [MESSAGE][PASSED] - Object: 'Object Repository/LoginPage_CURA Healthcare Service/a_Login' is clicked on

05-02-2024T18:58:45 - [TEST_STEP][PASSED] - setText(findTestObject("LoginPage_CURA Healthcare Service/input_username"), findTestData("Cura_Test_data/Cura_H_Login_Test_Data").getValue("username", 1)): Text 'John Doe' is set on object 'Object Repository/LoginPage_CURA Healthcare Service/input_username'

05-02-2024T18:58:46 - [MESSAGE][PASSED] - Text 'John Doe' is set on object 'Object Repository/LoginPage_CURA Healthcare Service/input_username'

05-02-2024T18:58:46 - [TEST_STEP][PASSED] - setText(findTestObject("LoginPage_CURA Healthcare Service/input_password"), findTestData("Cura_Test_data/Cura_H_Login_Test_Data").getValue("password", 1)): Text 'ThisIsNotAPassword' is set on object 'Object Repository/LoginPage_CURA Healthcare Service/input_password'

05-02-2024T18:58:47 - [MESSAGE][PASSED] - Text 'ThisIsNotAPassword' is set on object 'Object Repository/LoginPage_CURA Healthcare Service/input_password'

05-02-2024T18:58:47 - [TEST_STEP][PASSED] - click(findTestObject("LoginPage_CURA Healthcare Service/button_Login")): Object: 'Object Repository/LoginPage_CURA Healthcare Service/button_Login' is clicked on

05-02-2024T18:58:49 - [MESSAGE][PASSED] - Object: 'Object Repository/LoginPage_CURA Healthcare Service/button_Login' is clicked on

05-02-2024T18:58:49 - [TEST_STEP][PASSED] - closeBrowser(): Browser is closed

05-02-2024T18:58:49 - [MESSAGE][PASSED] - Browser is closed]]></system-out>
         <system-err><![CDATA[]]></system-err>
      </testcase>
      <testcase name="Test Cases/TC_CURA_Login_Validation_001" time="11.307" classname="Test Cases/TC_CURA_Login_Validation_001" status="PASSED">
         <system-out><![CDATA[05-02-2024T18:58:49 - [TEST_CASE][PASSED] - Test Cases/TC_CURA_Login_Validation_001: Test Cases/TC_CURA_Login_Validation_001

05-02-2024T18:58:49 - [TEST_STEP][PASSED] - openBrowser(""): Browser is opened with url: ''

05-02-2024T18:58:49 - [MESSAGE][INFO] - Starting 'Chrome' driver

05-02-2024T18:58:49 - [MESSAGE][INFO] - Action delay is set to 0 milliseconds

05-02-2024T18:58:51 - [MESSAGE][PASSED] - Browser is opened with url: ''

05-02-2024T18:58:51 - [TEST_STEP][PASSED] - navigateToUrl("https://katalon-demo-cura.herokuapp.com/"): Navigate to 'https://katalon-demo-cura.herokuapp.com/' successfully

05-02-2024T18:58:55 - [MESSAGE][PASSED] - Navigate to 'https://katalon-demo-cura.herokuapp.com/' successfully

05-02-2024T18:58:55 - [TEST_STEP][PASSED] - click(findTestObject("LoginPage_CURA Healthcare Service/i_CURA Healthcare_fa fa-bars")): Object: 'Object Repository/LoginPage_CURA Healthcare Service/i_CURA Healthcare_fa fa-bars' is clicked on

05-02-2024T18:58:55 - [MESSAGE][PASSED] - Object: 'Object Repository/LoginPage_CURA Healthcare Service/i_CURA Healthcare_fa fa-bars' is clicked on

05-02-2024T18:58:55 - [TEST_STEP][PASSED] - click(findTestObject("LoginPage_CURA Healthcare Service/a_Login")): Object: 'Object Repository/LoginPage_CURA Healthcare Service/a_Login' is clicked on

05-02-2024T18:58:56 - [MESSAGE][PASSED] - Object: 'Object Repository/LoginPage_CURA Healthcare Service/a_Login' is clicked on

05-02-2024T18:58:56 - [TEST_STEP][PASSED] - setText(findTestObject("LoginPage_CURA Healthcare Service/input_username"), findTestData("Cura_Test_data/Cura_H_Login_Test_Data").getValue("username", 1)): Text 'John Doe' is set on object 'Object Repository/LoginPage_CURA Healthcare Service/input_username'

05-02-2024T18:58:58 - [MESSAGE][PASSED] - Text 'John Doe' is set on object 'Object Repository/LoginPage_CURA Healthcare Service/input_username'

05-02-2024T18:58:58 - [TEST_STEP][PASSED] - setText(findTestObject("LoginPage_CURA Healthcare Service/input_password"), findTestData("Cura_Test_data/Cura_H_Login_Test_Data").getValue("password", 1)): Text 'ThisIsNotAPassword' is set on object 'Object Repository/LoginPage_CURA Healthcare Service/input_password'

05-02-2024T18:58:59 - [MESSAGE][PASSED] - Text 'ThisIsNotAPassword' is set on object 'Object Repository/LoginPage_CURA Healthcare Service/input_password'

05-02-2024T18:58:59 - [TEST_STEP][PASSED] - click(findTestObject("LoginPage_CURA Healthcare Service/button_Login")): Object: 'Object Repository/LoginPage_CURA Healthcare Service/button_Login' is clicked on

05-02-2024T18:59:00 - [MESSAGE][PASSED] - Object: 'Object Repository/LoginPage_CURA Healthcare Service/button_Login' is clicked on

05-02-2024T18:59:00 - [TEST_STEP][PASSED] - closeBrowser(): Browser is closed

05-02-2024T18:59:01 - [MESSAGE][PASSED] - Browser is closed]]></system-out>
         <system-err><![CDATA[]]></system-err>
      </testcase>
      <system-out><![CDATA[05-02-2024T18:58:03 - [TEST_SUITE][PASSED] - DDT_Cura_Login_Validation_TestSuite: Test Cases/TC_CURA_Login_Validation_001]]></system-out>
      <system-err><![CDATA[]]></system-err>
   </testsuite>
</testsuites>
