<?xml version="1.0" encoding="UTF-8"?>
<testsuites name="DDT_Cura_Login_Validation_TestSuite" time="51.244" tests="4" failures="0" errors="0">
   <testsuite name="DDT_Cura_Login_Validation_TestSuite" tests="4" failures="0" errors="0" time="51.244" skipped="0" timestamp="05-02-2024T17:54:23" hostname="WINDOWS 11 - LENOVO" id="Test Suites/DDT_Cura_Login_TestSuite/DDT_Cura_Login_Validation_TestSuite">
      <properties>
         <property name="deviceName" value=""/>
         <property name="devicePlatform" value=""/>
         <property name="logFolder" value="C:\\Users\\WINDOWS 11\\git\\SI-GuidedProject-708352-1705389483\\SI-GuidedProject-708352-1705389483\\Reports\\20240205_175405\\DDT_Cura_Login_TestSuite\\DDT_Cura_Login_Validation_TestSuite\\20240205_175405"/>
         <property name="logFiles" value="C:\\Users\\WINDOWS 11\\git\\SI-GuidedProject-708352-1705389483\\SI-GuidedProject-708352-1705389483\\Reports\\20240205_175405\\DDT_Cura_Login_TestSuite\\DDT_Cura_Login_Validation_TestSuite\\20240205_175405\\execution0.log"/>
         <property name="attachments" value=""/>
         <property name="hostName" value="WINDOWS 11 - LENOVO"/>
         <property name="os" value="Windows 11 64bit"/>
         <property name="katalonVersion" value="9.2.0.212"/>
         <property name="browser" value="Chrome 120.0.0.0"/>
         <property name="hostAddress" value="192.168.192.70"/>
         <property name="sessionId" value="3acfbfe19b35b1c836dc7ab158bea32f"/>
         <property name="seleniumVersion" value="3.141.59"/>
         <property name="proxyInformation" value="ProxyInformation { proxyOption=NO_PROXY, proxyServerType=HTTP, username=, password=********, proxyServerAddress=, proxyServerPort=0, executionList=&quot;&quot;, isApplyToDesiredCapabilities=true }"/>
         <property name="platform" value="Windows 11"/>
      </properties>
      <testcase name="Test Cases/TC_CURA_Login_Validation_001" time="15.866" classname="Test Cases/TC_CURA_Login_Validation_001" status="PASSED">
         <system-out><![CDATA[05-02-2024T17:54:23 - [TEST_CASE][PASSED] - Test Cases/TC_CURA_Login_Validation_001: Test Cases/TC_CURA_Login_Validation_001

05-02-2024T17:54:24 - [TEST_STEP][PASSED] - openBrowser(""): Browser is opened with url: ''

05-02-2024T17:54:25 - [MESSAGE][INFO] - Starting 'Chrome' driver

05-02-2024T17:54:25 - [MESSAGE][INFO] - Action delay is set to 0 milliseconds

05-02-2024T17:54:29 - [MESSAGE][PASSED] - Browser is opened with url: ''

05-02-2024T17:54:29 - [TEST_STEP][PASSED] - navigateToUrl("https://katalon-demo-cura.herokuapp.com/"): Navigate to 'https://katalon-demo-cura.herokuapp.com/' successfully

05-02-2024T17:54:33 - [MESSAGE][PASSED] - Navigate to 'https://katalon-demo-cura.herokuapp.com/' successfully

05-02-2024T17:54:33 - [TEST_STEP][PASSED] - click(findTestObject("LoginPage_CURA Healthcare Service/i_CURA Healthcare_fa fa-bars")): Object: 'Object Repository/LoginPage_CURA Healthcare Service/i_CURA Healthcare_fa fa-bars' is clicked on

05-02-2024T17:54:34 - [MESSAGE][PASSED] - Object: 'Object Repository/LoginPage_CURA Healthcare Service/i_CURA Healthcare_fa fa-bars' is clicked on

05-02-2024T17:54:34 - [TEST_STEP][PASSED] - click(findTestObject("LoginPage_CURA Healthcare Service/a_Login")): Object: 'Object Repository/LoginPage_CURA Healthcare Service/a_Login' is clicked on

05-02-2024T17:54:35 - [MESSAGE][PASSED] - Object: 'Object Repository/LoginPage_CURA Healthcare Service/a_Login' is clicked on

05-02-2024T17:54:35 - [TEST_STEP][PASSED] - setText(findTestObject("LoginPage_CURA Healthcare Service/input_username"), username): Text 'John Doe' is set on object 'Object Repository/LoginPage_CURA Healthcare Service/input_username'

05-02-2024T17:54:37 - [MESSAGE][PASSED] - Text 'John Doe' is set on object 'Object Repository/LoginPage_CURA Healthcare Service/input_username'

05-02-2024T17:54:37 - [TEST_STEP][PASSED] - setText(findTestObject("LoginPage_CURA Healthcare Service/input_password"), password): Text 'ThisIsNotAPassword' is set on object 'Object Repository/LoginPage_CURA Healthcare Service/input_password'

05-02-2024T17:54:38 - [MESSAGE][PASSED] - Text 'ThisIsNotAPassword' is set on object 'Object Repository/LoginPage_CURA Healthcare Service/input_password'

05-02-2024T17:54:38 - [TEST_STEP][PASSED] - click(findTestObject("LoginPage_CURA Healthcare Service/button_Login")): Object: 'Object Repository/LoginPage_CURA Healthcare Service/button_Login' is clicked on

05-02-2024T17:54:39 - [MESSAGE][PASSED] - Object: 'Object Repository/LoginPage_CURA Healthcare Service/button_Login' is clicked on]]></system-out>
         <system-err><![CDATA[]]></system-err>
      </testcase>
      <testcase name="Test Cases/TC_CURA_Login_Validation_001" time="11.702" classname="Test Cases/TC_CURA_Login_Validation_001" status="PASSED">
         <system-out><![CDATA[05-02-2024T17:54:39 - [TEST_CASE][PASSED] - Test Cases/TC_CURA_Login_Validation_001: Test Cases/TC_CURA_Login_Validation_001

05-02-2024T17:54:39 - [TEST_STEP][PASSED] - openBrowser(""): Browser is opened with url: ''

05-02-2024T17:54:39 - [MESSAGE][WARNING] - A browser is already opened. Closing browser and opening a new one

05-02-2024T17:54:40 - [MESSAGE][INFO] - Starting 'Chrome' driver

05-02-2024T17:54:40 - [MESSAGE][INFO] - Action delay is set to 0 milliseconds

05-02-2024T17:54:42 - [MESSAGE][PASSED] - Browser is opened with url: ''

05-02-2024T17:54:42 - [TEST_STEP][PASSED] - navigateToUrl("https://katalon-demo-cura.herokuapp.com/"): Navigate to 'https://katalon-demo-cura.herokuapp.com/' successfully

05-02-2024T17:54:45 - [MESSAGE][PASSED] - Navigate to 'https://katalon-demo-cura.herokuapp.com/' successfully

05-02-2024T17:54:45 - [TEST_STEP][PASSED] - click(findTestObject("LoginPage_CURA Healthcare Service/i_CURA Healthcare_fa fa-bars")): Object: 'Object Repository/LoginPage_CURA Healthcare Service/i_CURA Healthcare_fa fa-bars' is clicked on

05-02-2024T17:54:46 - [MESSAGE][PASSED] - Object: 'Object Repository/LoginPage_CURA Healthcare Service/i_CURA Healthcare_fa fa-bars' is clicked on

05-02-2024T17:54:46 - [TEST_STEP][PASSED] - click(findTestObject("LoginPage_CURA Healthcare Service/a_Login")): Object: 'Object Repository/LoginPage_CURA Healthcare Service/a_Login' is clicked on

05-02-2024T17:54:47 - [MESSAGE][PASSED] - Object: 'Object Repository/LoginPage_CURA Healthcare Service/a_Login' is clicked on

05-02-2024T17:54:47 - [TEST_STEP][PASSED] - setText(findTestObject("LoginPage_CURA Healthcare Service/input_username"), username): Text 'John Doe' is set on object 'Object Repository/LoginPage_CURA Healthcare Service/input_username'

05-02-2024T17:54:49 - [MESSAGE][PASSED] - Text 'John Doe' is set on object 'Object Repository/LoginPage_CURA Healthcare Service/input_username'

05-02-2024T17:54:49 - [TEST_STEP][PASSED] - setText(findTestObject("LoginPage_CURA Healthcare Service/input_password"), password): Text 'ThisIsNotPassword' is set on object 'Object Repository/LoginPage_CURA Healthcare Service/input_password'

05-02-2024T17:54:50 - [MESSAGE][PASSED] - Text 'ThisIsNotPassword' is set on object 'Object Repository/LoginPage_CURA Healthcare Service/input_password'

05-02-2024T17:54:50 - [TEST_STEP][PASSED] - click(findTestObject("LoginPage_CURA Healthcare Service/button_Login")): Object: 'Object Repository/LoginPage_CURA Healthcare Service/button_Login' is clicked on

05-02-2024T17:54:51 - [MESSAGE][PASSED] - Object: 'Object Repository/LoginPage_CURA Healthcare Service/button_Login' is clicked on]]></system-out>
         <system-err><![CDATA[]]></system-err>
      </testcase>
      <testcase name="Test Cases/TC_CURA_Login_Validation_001" time="11.688" classname="Test Cases/TC_CURA_Login_Validation_001" status="PASSED">
         <system-out><![CDATA[05-02-2024T17:54:51 - [TEST_CASE][PASSED] - Test Cases/TC_CURA_Login_Validation_001: Test Cases/TC_CURA_Login_Validation_001

05-02-2024T17:54:51 - [TEST_STEP][PASSED] - openBrowser(""): Browser is opened with url: ''

05-02-2024T17:54:51 - [MESSAGE][WARNING] - A browser is already opened. Closing browser and opening a new one

05-02-2024T17:54:52 - [MESSAGE][INFO] - Starting 'Chrome' driver

05-02-2024T17:54:52 - [MESSAGE][INFO] - Action delay is set to 0 milliseconds

05-02-2024T17:54:53 - [MESSAGE][PASSED] - Browser is opened with url: ''

05-02-2024T17:54:53 - [TEST_STEP][PASSED] - navigateToUrl("https://katalon-demo-cura.herokuapp.com/"): Navigate to 'https://katalon-demo-cura.herokuapp.com/' successfully

05-02-2024T17:54:57 - [MESSAGE][PASSED] - Navigate to 'https://katalon-demo-cura.herokuapp.com/' successfully

05-02-2024T17:54:57 - [TEST_STEP][PASSED] - click(findTestObject("LoginPage_CURA Healthcare Service/i_CURA Healthcare_fa fa-bars")): Object: 'Object Repository/LoginPage_CURA Healthcare Service/i_CURA Healthcare_fa fa-bars' is clicked on

05-02-2024T17:54:58 - [MESSAGE][PASSED] - Object: 'Object Repository/LoginPage_CURA Healthcare Service/i_CURA Healthcare_fa fa-bars' is clicked on

05-02-2024T17:54:58 - [TEST_STEP][PASSED] - click(findTestObject("LoginPage_CURA Healthcare Service/a_Login")): Object: 'Object Repository/LoginPage_CURA Healthcare Service/a_Login' is clicked on

05-02-2024T17:54:59 - [MESSAGE][PASSED] - Object: 'Object Repository/LoginPage_CURA Healthcare Service/a_Login' is clicked on

05-02-2024T17:54:59 - [TEST_STEP][PASSED] - setText(findTestObject("LoginPage_CURA Healthcare Service/input_username"), username): Text 'Jonh Doe' is set on object 'Object Repository/LoginPage_CURA Healthcare Service/input_username'

05-02-2024T17:55:00 - [MESSAGE][PASSED] - Text 'Jonh Doe' is set on object 'Object Repository/LoginPage_CURA Healthcare Service/input_username'

05-02-2024T17:55:00 - [TEST_STEP][PASSED] - setText(findTestObject("LoginPage_CURA Healthcare Service/input_password"), password): Text 'ThisIsNotAPassword' is set on object 'Object Repository/LoginPage_CURA Healthcare Service/input_password'

05-02-2024T17:55:01 - [MESSAGE][PASSED] - Text 'ThisIsNotAPassword' is set on object 'Object Repository/LoginPage_CURA Healthcare Service/input_password'

05-02-2024T17:55:01 - [TEST_STEP][PASSED] - click(findTestObject("LoginPage_CURA Healthcare Service/button_Login")): Object: 'Object Repository/LoginPage_CURA Healthcare Service/button_Login' is clicked on

05-02-2024T17:55:03 - [MESSAGE][PASSED] - Object: 'Object Repository/LoginPage_CURA Healthcare Service/button_Login' is clicked on]]></system-out>
         <system-err><![CDATA[]]></system-err>
      </testcase>
      <testcase name="Test Cases/TC_CURA_Login_Validation_001" time="11.086" classname="Test Cases/TC_CURA_Login_Validation_001" status="PASSED">
         <system-out><![CDATA[05-02-2024T17:55:03 - [TEST_CASE][PASSED] - Test Cases/TC_CURA_Login_Validation_001: Test Cases/TC_CURA_Login_Validation_001

05-02-2024T17:55:03 - [TEST_STEP][PASSED] - openBrowser(""): Browser is opened with url: ''

05-02-2024T17:55:03 - [MESSAGE][WARNING] - A browser is already opened. Closing browser and opening a new one

05-02-2024T17:55:03 - [MESSAGE][INFO] - Starting 'Chrome' driver

05-02-2024T17:55:03 - [MESSAGE][INFO] - Action delay is set to 0 milliseconds

05-02-2024T17:55:05 - [MESSAGE][PASSED] - Browser is opened with url: ''

05-02-2024T17:55:05 - [TEST_STEP][PASSED] - navigateToUrl("https://katalon-demo-cura.herokuapp.com/"): Navigate to 'https://katalon-demo-cura.herokuapp.com/' successfully

05-02-2024T17:55:08 - [MESSAGE][PASSED] - Navigate to 'https://katalon-demo-cura.herokuapp.com/' successfully

05-02-2024T17:55:08 - [TEST_STEP][PASSED] - click(findTestObject("LoginPage_CURA Healthcare Service/i_CURA Healthcare_fa fa-bars")): Object: 'Object Repository/LoginPage_CURA Healthcare Service/i_CURA Healthcare_fa fa-bars' is clicked on

05-02-2024T17:55:09 - [MESSAGE][PASSED] - Object: 'Object Repository/LoginPage_CURA Healthcare Service/i_CURA Healthcare_fa fa-bars' is clicked on

05-02-2024T17:55:09 - [TEST_STEP][PASSED] - click(findTestObject("LoginPage_CURA Healthcare Service/a_Login")): Object: 'Object Repository/LoginPage_CURA Healthcare Service/a_Login' is clicked on

05-02-2024T17:55:10 - [MESSAGE][PASSED] - Object: 'Object Repository/LoginPage_CURA Healthcare Service/a_Login' is clicked on

05-02-2024T17:55:10 - [TEST_STEP][PASSED] - setText(findTestObject("LoginPage_CURA Healthcare Service/input_username"), username): Text 'John Doo' is set on object 'Object Repository/LoginPage_CURA Healthcare Service/input_username'

05-02-2024T17:55:11 - [MESSAGE][PASSED] - Text 'John Doo' is set on object 'Object Repository/LoginPage_CURA Healthcare Service/input_username'

05-02-2024T17:55:11 - [TEST_STEP][PASSED] - setText(findTestObject("LoginPage_CURA Healthcare Service/input_password"), password): Text 'ThisIsPassword' is set on object 'Object Repository/LoginPage_CURA Healthcare Service/input_password'

05-02-2024T17:55:12 - [MESSAGE][PASSED] - Text 'ThisIsPassword' is set on object 'Object Repository/LoginPage_CURA Healthcare Service/input_password'

05-02-2024T17:55:12 - [TEST_STEP][PASSED] - click(findTestObject("LoginPage_CURA Healthcare Service/button_Login")): Object: 'Object Repository/LoginPage_CURA Healthcare Service/button_Login' is clicked on

05-02-2024T17:55:14 - [MESSAGE][PASSED] - Object: 'Object Repository/LoginPage_CURA Healthcare Service/button_Login' is clicked on]]></system-out>
         <system-err><![CDATA[]]></system-err>
      </testcase>
      <system-out><![CDATA[05-02-2024T17:54:23 - [TEST_SUITE][PASSED] - DDT_Cura_Login_Validation_TestSuite: Test Cases/TC_CURA_Login_Validation_001]]></system-out>
      <system-err><![CDATA[]]></system-err>
   </testsuite>
</testsuites>
